69 69
-------------------------
[1.97288019e+00 3.23586093e+00 1.61793046e+00 1.01112235e-03
 4.21132584e+00 4.21132584e+00 2.32224735e+00 7.74082449e-01
 1.38026225e-03 1.34816313e-03 2.69632626e-03 1.34816313e-03
 0.00000000e+00 0.00000000e+00 0.00000000e+00]
...
[1.99154567 3.28875197 1.64437599 0.01067194 4.12663338 4.12663338
 2.34255665 0.78085222 0.         0.01422925 0.0284585  0.01422925
 0.         0.         0.        ]
-------------------------
-------------------------
[0.94477049]
...
[0.94999029]
-------------------------
average edge # in test set:
26.231884057971016
average edge # in generated set:
26.27536231884058
-------------------------
averrage number of tri in ref/ test:  0.01067193675889328 0.0010111223458038423
degree -0.00012996017375055402 clustering 0.0022332062737611125 sparsity 7.568423665560431e-09 orbits 3.55421556190727e-05 Spec: 0.009153458737288567 Tri 2.5925219748756945e-08  diameter: 0.015522563090272445
=============================================================================
69 69
-------------------------
[1.97288019e+00 3.23586093e+00 1.61793046e+00 1.01112235e-03
 4.21132584e+00 4.21132584e+00 2.32224735e+00 7.74082449e-01
 1.38026225e-03 1.34816313e-03 2.69632626e-03 1.34816313e-03
 0.00000000e+00 0.00000000e+00 0.00000000e+00]
...
[1.99154567 3.28875197 1.64437599 0.01067194 4.12663338 4.12663338
 2.34255665 0.78085222 0.         0.01422925 0.0284585  0.01422925
 0.         0.         0.        ]
-------------------------
-------------------------
[0.94477049]
...
[0.94999029]
-------------------------
average edge # in test set:
26.231884057971016
average edge # in generated set:
26.27536231884058
-------------------------
averrage number of tri in ref/ test:  0.01067193675889328 0.0010111223458038423
degree -0.00012996017375055402 clustering 0.0022332062737611125 sparsity 7.568423665560431e-09 orbits 3.55421556190727e-05 Spec: 0.009153458737288567 Tri 2.5925219748756945e-08  diameter: 0.015522563090272445
=============================================================================
