69 69
-------------------------
[1.97288019e+00 3.23586093e+00 1.61793046e+00 1.01112235e-03
 4.21132584e+00 4.21132584e+00 2.32224735e+00 7.74082449e-01
 1.38026225e-03 1.34816313e-03 2.69632626e-03 1.34816313e-03
 0.00000000e+00 0.00000000e+00 0.00000000e+00]
...
[4.57548198e+00 1.15950776e+01 5.79753882e+00 3.54116259e+00
 2.91433146e+01 2.91433146e+01 4.60449846e+00 1.53483282e+00
 4.31203430e-01 6.20173046e+00 1.24034609e+01 6.20173046e+00
 3.08472415e+00 3.08472415e+00 1.07025668e-02]
-------------------------
-------------------------
[0.94477049]
...
[0.98747004]
-------------------------
average edge # in test set:
26.231884057971016
average edge # in generated set:
439.3478260869565
-------------------------
averrage number of tri in ref/ test:  3.541162593270327 0.0010111223458038423
degree 0.3937022906397487 clustering 1.1546773494909506 sparsity 5.06458460503012e-07 orbits 1.2826269807354194 Spec: 0.36866577180657645 Tri 0.003477354530714072  diameter: 0.5103317009201599
=============================================================================
69 69
-------------------------
[1.97288019e+00 3.23586093e+00 1.61793046e+00 1.01112235e-03
 4.21132584e+00 4.21132584e+00 2.32224735e+00 7.74082449e-01
 1.38026225e-03 1.34816313e-03 2.69632626e-03 1.34816313e-03
 0.00000000e+00 0.00000000e+00 0.00000000e+00]
...
[4.57548198e+00 1.15950776e+01 5.79753882e+00 3.54116259e+00
 2.91433146e+01 2.91433146e+01 4.60449846e+00 1.53483282e+00
 4.31203430e-01 6.20173046e+00 1.24034609e+01 6.20173046e+00
 3.08472415e+00 3.08472415e+00 1.07025668e-02]
-------------------------
-------------------------
[0.94477049]
...
[0.98747004]
-------------------------
average edge # in test set:
26.231884057971016
average edge # in generated set:
439.3478260869565
-------------------------
averrage number of tri in ref/ test:  3.541162593270327 0.0010111223458038423
degree 0.3937022906397487 clustering 1.1546773494909506 sparsity 5.06458460503012e-07 orbits 1.2826269807354194 Spec: 0.36866577180657645 Tri 0.003477354530714072  diameter: 0.5103317009201599
=============================================================================
