
Using backend: pytorch
WARNING:root:The OGB package is out of date. Your version is 1.3.1, while the latest version is 1.3.3.
/localhome/kzahirni/anaconda3/envs/graphVAE-GPU2/lib/python3.7/site-packages/numpy/core/_asarray.py:136: VisibleDeprecationWarning: Creating an ndarray from ragged nested sequences (which is a list-or-tuple of lists-or-tuples-or ndarrays with different lengths or shapes) is deprecated. If you meant to do this, you must specify 'dtype=object' when creating the ndarray
  return array(a, dtype, copy=False, order=order, subok=True)
69 69
-------------------------
[1.97288019e+00 3.23586093e+00 1.61793046e+00 1.01112235e-03
 4.21132584e+00 4.21132584e+00 2.32224735e+00 7.74082449e-01
 1.38026225e-03 1.34816313e-03 2.69632626e-03 1.34816313e-03
 0.00000000e+00 0.00000000e+00 0.00000000e+00]
...
[ 4.94202233 13.54790211  6.77395105  4.0418629  36.05616028 36.05616028
  6.84096792  2.28032264  0.63652612  7.56456429 15.12912859  7.56456429
  3.53662626  3.53662626  0.05220156]
-------------------------
-------------------------
[0.94477049]
...
[0.98781126]
-------------------------
average edge # in test set:
26.231884057971016
average edge # in generated set:
507.0289855072464
-------------------------
averrage number of tri in ref/ test:  4.041862896606473 0.0010111223458038423
degree 0.45177726402520024 clustering 1.1526369801469027 sparsity 5.145851182941641e-07 orbits 1.67825638910198 Spec: 0.4029678377892669 Tri 0.004529831879446222  diameter: 0.8223318210602688
=============================================================================
69 69
Unexpected error: <class 'ValueError'>
Failed to open file eval/orca/tmp.txt
Unexpected error: <class 'ValueError'>
Unexpected error: <class 'ValueError'>
-------------------------
[2.44454525e+00 4.14824217e+00 2.07412109e+00 2.13933353e-03
 5.54619470e+00 5.54619470e+00 3.12995183e+00 1.04331728e+00
 0.00000000e+00 2.85244471e-03 5.70488943e-03 2.85244471e-03
 0.00000000e+00 0.00000000e+00 0.00000000e+00]
...
[ 3.67335155  9.98790773  4.99395386  2.94119047 26.33443399 26.33443399
  5.04936131  1.68312044  0.46866474  5.49422341 10.98844682  5.49422341
  2.58409528  2.58409528  0.03726764]
-------------------------
-------------------------
[0.94477049]
...
[0.98781126]
-------------------------
average edge # in test set:
26.231884057971016
average edge # in generated set:
507.0289855072464
-------------------------
averrage number of tri in ref/ test:  4.041862896606473 0.0010111223458038423
degree 0.45177726402520024 clustering 1.1526369801469027 sparsity 5.145851182941641e-07 orbits 0.8273638609550275 Spec: 0.4029678377892669 Tri 0.004529831879446222  diameter: 0.8223318210602688
=============================================================================
