69 69
-------------------------
[1.97288019e+00 3.23586093e+00 1.61793046e+00 1.01112235e-03
 4.21132584e+00 4.21132584e+00 2.32224735e+00 7.74082449e-01
 1.38026225e-03 1.34816313e-03 2.69632626e-03 1.34816313e-03
 0.00000000e+00 0.00000000e+00 0.00000000e+00]
...
[2.00354433 3.22273576 1.61136788 0.13010297 2.64302793 2.64302793
 2.97828464 0.99276155 0.2128099  0.14014817 0.28029634 0.14014817
 0.01149173 0.01149173 0.        ]
-------------------------
-------------------------
[0.94477049]
...
[0.90095083]
-------------------------
average edge # in test set:
26.231884057971016
average edge # in generated set:
12.594202898550725
-------------------------
averrage number of tri in ref/ test:  0.130102968519223 0.0010111223458038423
degree 0.013439404768456287 clustering 0.1370607163347326 sparsity 5.333776846860872e-07 orbits 0.006456903016209825 Spec: 0.034348917881538155 Tri 4.62893775732276e-06  diameter: 0.19449077513360435
=============================================================================
69 69
-------------------------
[1.97288019e+00 3.23586093e+00 1.61793046e+00 1.01112235e-03
 4.21132584e+00 4.21132584e+00 2.32224735e+00 7.74082449e-01
 1.38026225e-03 1.34816313e-03 2.69632626e-03 1.34816313e-03
 0.00000000e+00 0.00000000e+00 0.00000000e+00]
...
[2.00354433 3.22273576 1.61136788 0.13010297 2.64302793 2.64302793
 2.97828464 0.99276155 0.2128099  0.14014817 0.28029634 0.14014817
 0.01149173 0.01149173 0.        ]
-------------------------
-------------------------
[0.94477049]
...
[0.90095083]
-------------------------
average edge # in test set:
26.231884057971016
average edge # in generated set:
12.594202898550725
-------------------------
averrage number of tri in ref/ test:  0.130102968519223 0.0010111223458038423
degree 0.013439404768456287 clustering 0.1370607163347326 sparsity 5.333776846860872e-07 orbits 0.006456903016209825 Spec: 0.034348917881538155 Tri 4.62893775732276e-06  diameter: 0.19449077513360435
=============================================================================
