69 69
-------------------------
[1.97288019e+00 3.23586093e+00 1.61793046e+00 1.01112235e-03
 4.21132584e+00 4.21132584e+00 2.32224735e+00 7.74082449e-01
 1.38026225e-03 1.34816313e-03 2.69632626e-03 1.34816313e-03
 0.00000000e+00 0.00000000e+00 0.00000000e+00]
...
[2.0564376  3.6477505  1.82387525 0.0082831  5.13324944 5.13324944
 2.90203268 0.96734423 0.01840894 0.01242029 0.02484058 0.01242029
 0.         0.         0.        ]
-------------------------
-------------------------
[0.94477049]
...
[0.98674897]
-------------------------
average edge # in test set:
26.231884057971016
average edge # in generated set:
91.56521739130434
-------------------------
averrage number of tri in ref/ test:  0.008283097826604158 0.0010111223458038423
degree 0.00550929004268963 clustering 0.003780201661146343 sparsity 4.894975385028033e-07 orbits 0.002978834821296239 Spec: 0.07515979807733064 Tri 1.4689338634354954e-08  diameter: 0.3970722165425534
=============================================================================
69 69
-------------------------
[1.97288019e+00 3.23586093e+00 1.61793046e+00 1.01112235e-03
 4.21132584e+00 4.21132584e+00 2.32224735e+00 7.74082449e-01
 1.38026225e-03 1.34816313e-03 2.69632626e-03 1.34816313e-03
 0.00000000e+00 0.00000000e+00 0.00000000e+00]
...
[2.0564376  3.6477505  1.82387525 0.0082831  5.13324944 5.13324944
 2.90203268 0.96734423 0.01840894 0.01242029 0.02484058 0.01242029
 0.         0.         0.        ]
-------------------------
-------------------------
[0.94477049]
...
[0.98674897]
-------------------------
average edge # in test set:
26.231884057971016
average edge # in generated set:
91.56521739130434
-------------------------
averrage number of tri in ref/ test:  0.008283097826604158 0.0010111223458038423
degree 0.00550929004268963 clustering 0.003780201661146343 sparsity 4.894975385028033e-07 orbits 0.002978834821296239 Spec: 0.07515979807733064 Tri 1.4689338634354954e-08  diameter: 0.3970722165425534
=============================================================================
