69 69
-------------------------
[1.97288019e+00 3.23586093e+00 1.61793046e+00 1.01112235e-03
 4.21132584e+00 4.21132584e+00 2.32224735e+00 7.74082449e-01
 1.38026225e-03 1.34816313e-03 2.69632626e-03 1.34816313e-03
 0.00000000e+00 0.00000000e+00 0.00000000e+00]
...
[2.23882953e+00 4.49424637e+00 2.24712319e+00 7.96661641e-02
 7.36045819e+00 7.36045819e+00 4.07641623e+00 1.35880541e+00
 2.37898652e-01 1.33727298e-01 2.67454597e-01 1.33727298e-01
 7.12174601e-03 7.12174601e-03 0.00000000e+00]
-------------------------
-------------------------
[0.94477049]
...
[0.97982965]
-------------------------
average edge # in test set:
26.231884057971016
average edge # in generated set:
72.2463768115942
-------------------------
averrage number of tri in ref/ test:  0.07966616411291512 0.0010111223458038423
degree 0.022062770893209294 clustering 0.2545373752626925 sparsity 3.4142885874111073e-07 orbits 0.03555862297814749 Spec: 0.05719926981337542 Tri 1.718499971659071e-06  diameter: 0.2704424207309009
=============================================================================
69 69
-------------------------
[1.97288019e+00 3.23586093e+00 1.61793046e+00 1.01112235e-03
 4.21132584e+00 4.21132584e+00 2.32224735e+00 7.74082449e-01
 1.38026225e-03 1.34816313e-03 2.69632626e-03 1.34816313e-03
 0.00000000e+00 0.00000000e+00 0.00000000e+00]
...
[2.23882953e+00 4.49424637e+00 2.24712319e+00 7.96661641e-02
 7.36045819e+00 7.36045819e+00 4.07641623e+00 1.35880541e+00
 2.37898652e-01 1.33727298e-01 2.67454597e-01 1.33727298e-01
 7.12174601e-03 7.12174601e-03 0.00000000e+00]
-------------------------
-------------------------
[0.94477049]
...
[0.97982965]
-------------------------
average edge # in test set:
26.231884057971016
average edge # in generated set:
72.2463768115942
-------------------------
averrage number of tri in ref/ test:  0.07966616411291512 0.0010111223458038423
degree 0.022062770893209294 clustering 0.2545373752626925 sparsity 3.4142885874111073e-07 orbits 0.03555862297814749 Spec: 0.05719926981337542 Tri 1.718499971659071e-06  diameter: 0.2704424207309009
=============================================================================
