/localhome/kzahirni/anaconda3/envs/rnn_vae_graph22/lib/python3.5/site-packages/sklearn/utils/fixes.py:313: FutureWarning: numpy not_equal will not check object identity in the future. The comparison did not return the same result as suggested by the identity (`is`)) and will change.
  _nan_object_mask = _nan_object_array != _nan_object_array
CUDA 1
File name prefix GraphRNN_RNN_PTC_4_128_
graph_validate_len 23.455882352941178
graph_test_len 26.202898550724637
total graph num: 344, training set: 275
max number node: 109
max/min number edge: 108; 1
max previous node: 10
train and test graphs saved at:  ./graphs/crossEntropy_bestLR001_GraphRNN_RNN_PTC_4_128_test_0.dat
/local-scratch/kia/remote_c/model.py:299: UserWarning: nn.init.xavier_uniform is now deprecated in favor of nn.init.xavier_uniform_.
  nn.init.xavier_uniform(param,gain=nn.init.calculate_gain('sigmoid'))
/local-scratch/kia/remote_c/model.py:297: UserWarning: nn.init.constant is now deprecated in favor of nn.init.constant_.
  nn.init.constant(param, 0.25)
/local-scratch/kia/remote_c/model.py:302: UserWarning: nn.init.xavier_uniform is now deprecated in favor of nn.init.xavier_uniform_.
  m.weight.data = init.xavier_uniform(m.weight.data, gain=nn.init.calculate_gain('relu'))
/local-scratch/kia/remote_c/train.py:591: UserWarning: invalid index of a 0-dim tensor. This will be an error in PyTorch 0.5. Use tensor.item() to convert a 0-dim tensor to a Python number
  log_value('loss_'+args.fname, loss.data[0], epoch*args.batch_ratio+batch_idx)
/local-scratch/kia/remote_c/train.py:593: UserWarning: invalid index of a 0-dim tensor. This will be an error in PyTorch 0.5. Use tensor.item() to convert a 0-dim tensor to a Python number
  loss_sum += loss.data[0]*feature_dim
/local-scratch/kia/remote_c/train.py:588: UserWarning: invalid index of a 0-dim tensor. This will be an error in PyTorch 0.5. Use tensor.item() to convert a 0-dim tensor to a Python number
  epoch, args.epochs,loss.data[0], args.graph_type, args.num_layers, args.hidden_size_rnn))
Epoch: 100/3000, train loss: 0.112561, graph type: PTC, num_layer: 4, hidden: 128
generation time: -26.162662744522095
test done, graphs saved
Epoch: 200/3000, train loss: 0.088932, graph type: PTC, num_layer: 4, hidden: 128
generation time: -26.252213954925537
test done, graphs saved
Epoch: 300/3000, train loss: 0.097284, graph type: PTC, num_layer: 4, hidden: 128
generation time: -26.200359106063843
test done, graphs saved
Epoch: 400/3000, train loss: 0.095714, graph type: PTC, num_layer: 4, hidden: 128
generation time: -26.168543338775635
test done, graphs saved
Epoch: 500/3000, train loss: 0.089821, graph type: PTC, num_layer: 4, hidden: 128
generation time: -26.30023455619812
test done, graphs saved
Epoch: 600/3000, train loss: 0.086627, graph type: PTC, num_layer: 4, hidden: 128
generation time: -26.57569169998169
test done, graphs saved
Epoch: 700/3000, train loss: 0.087481, graph type: PTC, num_layer: 4, hidden: 128
generation time: -26.392589330673218
test done, graphs saved
Epoch: 800/3000, train loss: 0.085301, graph type: PTC, num_layer: 4, hidden: 128
generation time: -26.755862712860107
test done, graphs saved
Epoch: 900/3000, train loss: 0.080517, graph type: PTC, num_layer: 4, hidden: 128
generation time: -26.302953720092773
test done, graphs saved
Epoch: 1000/3000, train loss: 0.087635, graph type: PTC, num_layer: 4, hidden: 128
generation time: -26.389875888824463
test done, graphs saved
Epoch: 1100/3000, train loss: 0.071137, graph type: PTC, num_layer: 4, hidden: 128
generation time: -26.568248748779297
test done, graphs saved
Epoch: 1200/3000, train loss: 0.073122, graph type: PTC, num_layer: 4, hidden: 128
generation time: -26.362403631210327
test done, graphs saved
Epoch: 1300/3000, train loss: 0.075127, graph type: PTC, num_layer: 4, hidden: 128
generation time: -26.174501657485962
test done, graphs saved
Epoch: 1400/3000, train loss: 0.083183, graph type: PTC, num_layer: 4, hidden: 128
generation time: -26.079676866531372
test done, graphs saved
Epoch: 1500/3000, train loss: 0.074187, graph type: PTC, num_layer: 4, hidden: 128
generation time: -26.112687349319458
test done, graphs saved
Epoch: 1600/3000, train loss: 0.075824, graph type: PTC, num_layer: 4, hidden: 128
generation time: -26.718488693237305
test done, graphs saved
Epoch: 1700/3000, train loss: 0.077083, graph type: PTC, num_layer: 4, hidden: 128
generation time: -26.221277475357056
test done, graphs saved
Epoch: 1800/3000, train loss: 0.079682, graph type: PTC, num_layer: 4, hidden: 128
generation time: -26.192943334579468
test done, graphs saved
Epoch: 1900/3000, train loss: 0.076125, graph type: PTC, num_layer: 4, hidden: 128
generation time: -26.29653000831604
test done, graphs saved
Epoch: 2000/3000, train loss: 0.069507, graph type: PTC, num_layer: 4, hidden: 128
generation time: -26.10766363143921
test done, graphs saved
Epoch: 2100/3000, train loss: 0.067353, graph type: PTC, num_layer: 4, hidden: 128
generation time: -26.097511768341064
test done, graphs saved
Epoch: 2200/3000, train loss: 0.062869, graph type: PTC, num_layer: 4, hidden: 128
generation time: -26.1628201007843
test done, graphs saved
Epoch: 2300/3000, train loss: 0.070476, graph type: PTC, num_layer: 4, hidden: 128
generation time: -26.14620876312256
test done, graphs saved
Epoch: 2400/3000, train loss: 0.075099, graph type: PTC, num_layer: 4, hidden: 128
generation time: -26.084492206573486
test done, graphs saved
Epoch: 2500/3000, train loss: 0.072882, graph type: PTC, num_layer: 4, hidden: 128
generation time: -26.004344940185547
test done, graphs saved
Epoch: 2600/3000, train loss: 0.070231, graph type: PTC, num_layer: 4, hidden: 128
generation time: -26.103018283843994
test done, graphs saved
Epoch: 2700/3000, train loss: 0.068480, graph type: PTC, num_layer: 4, hidden: 128
generation time: -26.023645401000977
test done, graphs saved
Epoch: 2800/3000, train loss: 0.070092, graph type: PTC, num_layer: 4, hidden: 128
generation time: -26.189053773880005
test done, graphs saved
Epoch: 2900/3000, train loss: 0.073854, graph type: PTC, num_layer: 4, hidden: 128
generation time: -26.327184915542603
test done, graphs saved
Epoch: 3000/3000, train loss: 0.069917, graph type: PTC, num_layer: 4, hidden: 128
generation time: -26.15018320083618
test done, graphs saved
Train Time:  6241.839205314056
